<?xml version="1.0" encoding="UTF-8"?>
<coverage generated="1596376107282" clover="3.2.0">
  <project timestamp="1596376107282" name="All files">
    <metrics statements="129" coveredstatements="115" conditionals="105" coveredconditionals="91" methods="26" coveredmethods="26" elements="260" coveredelements="232" complexity="0" loc="129" ncloc="129" packages="1" files="1" classes="1"/>
    <file name="index.js" path="C:\Users\desse\Documents\github\projects\object-string-path\src\index.js">
      <metrics statements="129" coveredstatements="115" conditionals="105" coveredconditionals="91" methods="26" coveredmethods="26"/>
      <line num="5" count="333" type="stmt"/>
      <line num="6" count="75" type="stmt"/>
      <line num="7" count="75" type="cond" truecount="2" falsecount="0"/>
      <line num="8" count="74" type="stmt"/>
      <line num="9" count="74" type="cond" truecount="2" falsecount="0"/>
      <line num="10" count="13" type="stmt"/>
      <line num="12" count="61" type="stmt"/>
      <line num="15" count="1" type="stmt"/>
      <line num="21" count="108" type="stmt"/>
      <line num="22" count="108" type="stmt"/>
      <line num="23" count="108" type="cond" truecount="2" falsecount="0"/>
      <line num="24" count="21" type="stmt"/>
      <line num="26" count="108" type="stmt"/>
      <line num="30" count="313" type="cond" truecount="2" falsecount="0"/>
      <line num="31" count="313" type="cond" truecount="2" falsecount="0"/>
      <line num="32" count="313" type="stmt"/>
      <line num="33" count="313" type="stmt"/>
      <line num="39" count="313" type="cond" truecount="2" falsecount="0"/>
      <line num="40" count="312" type="stmt"/>
      <line num="43" count="312" type="stmt"/>
      <line num="46" count="312" type="stmt"/>
      <line num="49" count="312" type="stmt"/>
      <line num="52" count="312" type="cond" truecount="2" falsecount="0"/>
      <line num="53" count="2" type="stmt"/>
      <line num="55" count="310" type="cond" truecount="4" falsecount="0"/>
      <line num="56" count="87" type="cond" truecount="2" falsecount="0"/>
      <line num="61" count="152" type="stmt"/>
      <line num="64" count="87" type="cond" truecount="2" falsecount="0"/>
      <line num="65" count="85" type="stmt"/>
      <line num="66" count="85" type="stmt"/>
      <line num="67" count="85" type="cond" truecount="2" falsecount="0"/>
      <line num="68" count="84" type="stmt"/>
      <line num="70" count="1" type="stmt"/>
      <line num="75" count="2" type="stmt"/>
      <line num="79" count="223" type="cond" truecount="1" falsecount="1"/>
      <line num="80" count="223" type="stmt"/>
      <line num="86" count="1" type="stmt"/>
      <line num="87" count="1" type="stmt"/>
      <line num="90" count="313" type="stmt"/>
      <line num="94" count="85" type="stmt"/>
      <line num="95" count="114" type="cond" truecount="4" falsecount="0"/>
      <line num="96" count="84" type="stmt"/>
      <line num="102" count="256" type="cond" truecount="4" falsecount="1"/>
      <line num="103" count="256" type="stmt"/>
      <line num="105" count="0" type="stmt"/>
      <line num="110" count="265" type="cond" truecount="5" falsecount="0"/>
      <line num="111" count="264" type="stmt"/>
      <line num="112" count="1" type="cond" truecount="3" falsecount="1"/>
      <line num="113" count="1" type="stmt"/>
      <line num="115" count="0" type="stmt"/>
      <line num="120" count="19" type="cond" truecount="4" falsecount="1"/>
      <line num="121" count="18" type="stmt"/>
      <line num="122" count="18" type="stmt"/>
      <line num="123" count="1" type="cond" truecount="3" falsecount="1"/>
      <line num="124" count="1" type="cond" truecount="1" falsecount="1"/>
      <line num="125" count="1" type="stmt"/>
      <line num="127" count="0" type="stmt"/>
      <line num="129" count="1" type="stmt"/>
      <line num="131" count="0" type="stmt"/>
      <line num="132" count="0" type="stmt"/>
      <line num="137" count="18" type="cond" truecount="1" falsecount="1"/>
      <line num="138" count="0" type="stmt"/>
      <line num="139" count="0" type="stmt"/>
      <line num="140" count="18" type="cond" truecount="1" falsecount="1"/>
      <line num="141" count="18" type="stmt"/>
      <line num="142" count="18" type="stmt"/>
      <line num="146" count="0" type="stmt"/>
      <line num="151" count="8" type="stmt"/>
      <line num="155" count="18" type="stmt"/>
      <line num="159" count="8" type="stmt"/>
      <line num="160" count="18" type="stmt"/>
      <line num="165" count="59" type="cond" truecount="2" falsecount="0"/>
      <line num="166" count="41" type="stmt"/>
      <line num="168" count="41" type="cond" truecount="1" falsecount="1"/>
      <line num="170" count="41" type="cond" truecount="2" falsecount="0"/>
      <line num="172" count="0" type="stmt"/>
      <line num="175" count="18" type="stmt"/>
      <line num="179" count="18" type="stmt"/>
      <line num="189" count="26" type="stmt"/>
      <line num="193" count="108" type="stmt"/>
      <line num="194" count="108" type="stmt"/>
      <line num="198" count="26" type="stmt"/>
      <line num="199" count="108" type="stmt"/>
      <line num="202" count="269" type="cond" truecount="2" falsecount="0"/>
      <line num="203" count="162" type="stmt"/>
      <line num="205" count="162" type="cond" truecount="4" falsecount="0"/>
      <line num="206" count="161" type="stmt"/>
      <line num="208" count="1" type="stmt"/>
      <line num="211" count="107" type="stmt"/>
      <line num="215" count="108" type="stmt"/>
      <line num="216" count="108" type="stmt"/>
      <line num="221" count="8" type="stmt"/>
      <line num="226" count="18" type="stmt"/>
      <line num="230" count="8" type="stmt"/>
      <line num="231" count="18" type="stmt"/>
      <line num="233" count="18" type="stmt"/>
      <line num="235" count="52" type="cond" truecount="1" falsecount="1"/>
      <line num="236" count="52" type="stmt"/>
      <line num="238" count="52" type="cond" truecount="1" falsecount="1"/>
      <line num="239" count="0" type="stmt"/>
      <line num="240" count="52" type="cond" truecount="2" falsecount="0"/>
      <line num="241" count="34" type="stmt"/>
      <line num="242" count="34" type="stmt"/>
      <line num="243" count="34" type="cond" truecount="4" falsecount="0"/>
      <line num="245" count="6" type="cond" truecount="3" falsecount="1"/>
      <line num="246" count="6" type="stmt"/>
      <line num="250" count="0" type="stmt"/>
      <line num="254" count="28" type="cond" truecount="3" falsecount="1"/>
      <line num="256" count="28" type="stmt"/>
      <line num="260" count="0" type="stmt"/>
      <line num="263" count="18" type="stmt"/>
      <line num="266" count="0" type="stmt"/>
      <line num="270" count="18" type="stmt"/>
      <line num="275" count="8" type="stmt"/>
      <line num="280" count="18" type="stmt"/>
      <line num="284" count="8" type="stmt"/>
      <line num="285" count="18" type="stmt"/>
      <line num="287" count="18" type="cond" truecount="2" falsecount="0"/>
      <line num="289" count="18" type="stmt"/>
      <line num="290" count="18" type="stmt"/>
      <line num="291" count="18" type="cond" truecount="2" falsecount="0"/>
      <line num="293" count="18" type="stmt"/>
      <line num="294" count="18" type="cond" truecount="3" falsecount="1"/>
      <line num="295" count="18" type="stmt"/>
      <line num="297" count="0" type="stmt"/>
      <line num="302" count="8" type="stmt"/>
      <line num="303" count="8" type="stmt"/>
      <line num="304" count="8" type="stmt"/>
      <line num="305" count="8" type="stmt"/>
    </file>
  </project>
</coverage>
