{"C:\\Users\\desse\\Documents\\github\\projects\\object-string-path\\src\\index.js": {"path":"C:\\Users\\desse\\Documents\\github\\projects\\object-string-path\\src\\index.js","statementMap":{"0":{"start":{"line":5,"column":2},"end":{"line":17,"column":3}},"1":{"start":{"line":6,"column":4},"end":{"line":6,"column":36}},"2":{"start":{"line":7,"column":4},"end":{"line":16,"column":5}},"3":{"start":{"line":8,"column":20},"end":{"line":8,"column":51}},"4":{"start":{"line":9,"column":6},"end":{"line":13,"column":7}},"5":{"start":{"line":10,"column":8},"end":{"line":10,"column":36}},"6":{"start":{"line":12,"column":8},"end":{"line":12,"column":20}},"7":{"start":{"line":15,"column":6},"end":{"line":15,"column":24}},"8":{"start":{"line":21,"column":15},"end":{"line":21,"column":30}},"9":{"start":{"line":22,"column":26},"end":{"line":22,"column":28}},"10":{"start":{"line":23,"column":2},"end":{"line":25,"column":3}},"11":{"start":{"line":24,"column":4},"end":{"line":24,"column":70}},"12":{"start":{"line":26,"column":2},"end":{"line":26,"column":24}},"13":{"start":{"line":30,"column":2},"end":{"line":30,"column":23}},"14":{"start":{"line":31,"column":2},"end":{"line":31,"column":25}},"15":{"start":{"line":32,"column":14},"end":{"line":32,"column":22}},"16":{"start":{"line":33,"column":17},"end":{"line":37,"column":3}},"17":{"start":{"line":39,"column":2},"end":{"line":102,"column":3}},"18":{"start":{"line":40,"column":4},"end":{"line":40,"column":29}},"19":{"start":{"line":43,"column":4},"end":{"line":43,"column":27}},"20":{"start":{"line":46,"column":4},"end":{"line":46,"column":48}},"21":{"start":{"line":49,"column":4},"end":{"line":49,"column":66}},"22":{"start":{"line":51,"column":4},"end":{"line":62,"column":5}},"23":{"start":{"line":52,"column":59},"end":{"line":52,"column":100}},"24":{"start":{"line":54,"column":6},"end":{"line":54,"column":25}},"25":{"start":{"line":56,"column":6},"end":{"line":58,"column":7}},"26":{"start":{"line":57,"column":8},"end":{"line":57,"column":50}},"27":{"start":{"line":60,"column":6},"end":{"line":60,"column":64}},"28":{"start":{"line":65,"column":4},"end":{"line":98,"column":5}},"29":{"start":{"line":66,"column":6},"end":{"line":66,"column":26}},"30":{"start":{"line":69,"column":9},"end":{"line":98,"column":5}},"31":{"start":{"line":70,"column":23},"end":{"line":75,"column":39}},"32":{"start":{"line":75,"column":27},"end":{"line":75,"column":38}},"33":{"start":{"line":78,"column":6},"end":{"line":92,"column":7}},"34":{"start":{"line":79,"column":29},"end":{"line":79,"column":37}},"35":{"start":{"line":80,"column":22},"end":{"line":80,"column":65}},"36":{"start":{"line":81,"column":8},"end":{"line":87,"column":9}},"37":{"start":{"line":82,"column":10},"end":{"line":82,"column":29}},"38":{"start":{"line":84,"column":10},"end":{"line":84,"column":30}},"39":{"start":{"line":89,"column":8},"end":{"line":89,"column":28}},"40":{"start":{"line":93,"column":11},"end":{"line":98,"column":5}},"41":{"start":{"line":94,"column":6},"end":{"line":94,"column":25}},"42":{"start":{"line":100,"column":4},"end":{"line":100,"column":24}},"43":{"start":{"line":101,"column":4},"end":{"line":101,"column":95}},"44":{"start":{"line":104,"column":2},"end":{"line":104,"column":15}},"45":{"start":{"line":108,"column":2},"end":{"line":112,"column":3}},"46":{"start":{"line":109,"column":4},"end":{"line":111,"column":5}},"47":{"start":{"line":110,"column":6},"end":{"line":110,"column":17}},"48":{"start":{"line":116,"column":2},"end":{"line":120,"column":3}},"49":{"start":{"line":117,"column":4},"end":{"line":117,"column":21}},"50":{"start":{"line":119,"column":4},"end":{"line":119,"column":16}},"51":{"start":{"line":124,"column":2},"end":{"line":130,"column":3}},"52":{"start":{"line":125,"column":4},"end":{"line":125,"column":19}},"53":{"start":{"line":126,"column":9},"end":{"line":130,"column":3}},"54":{"start":{"line":127,"column":4},"end":{"line":127,"column":14}},"55":{"start":{"line":129,"column":4},"end":{"line":129,"column":10}},"56":{"start":{"line":134,"column":2},"end":{"line":147,"column":3}},"57":{"start":{"line":135,"column":4},"end":{"line":135,"column":20}},"58":{"start":{"line":136,"column":4},"end":{"line":136,"column":19}},"59":{"start":{"line":137,"column":9},"end":{"line":147,"column":3}},"60":{"start":{"line":138,"column":4},"end":{"line":142,"column":5}},"61":{"start":{"line":139,"column":6},"end":{"line":139,"column":31}},"62":{"start":{"line":141,"column":6},"end":{"line":141,"column":17}},"63":{"start":{"line":143,"column":4},"end":{"line":143,"column":14}},"64":{"start":{"line":145,"column":4},"end":{"line":145,"column":42}},"65":{"start":{"line":146,"column":4},"end":{"line":146,"column":10}},"66":{"start":{"line":152,"column":2},"end":{"line":162,"column":3}},"67":{"start":{"line":153,"column":4},"end":{"line":153,"column":26}},"68":{"start":{"line":154,"column":4},"end":{"line":154,"column":15}},"69":{"start":{"line":155,"column":9},"end":{"line":162,"column":3}},"70":{"start":{"line":156,"column":4},"end":{"line":156,"column":22}},"71":{"start":{"line":157,"column":4},"end":{"line":157,"column":15}},"72":{"start":{"line":161,"column":4},"end":{"line":161,"column":16}},"73":{"start":{"line":166,"column":2},"end":{"line":172,"column":3}},"74":{"start":{"line":170,"column":30},"end":{"line":170,"column":35}},"75":{"start":{"line":174,"column":2},"end":{"line":219,"column":3}},"76":{"start":{"line":175,"column":18},"end":{"line":175,"column":63}},"77":{"start":{"line":180,"column":6},"end":{"line":215,"column":7}},"78":{"start":{"line":181,"column":50},"end":{"line":181,"column":84}},"79":{"start":{"line":183,"column":8},"end":{"line":212,"column":9}},"80":{"start":{"line":184,"column":10},"end":{"line":209,"column":11}},"81":{"start":{"line":185,"column":27},"end":{"line":185,"column":31}},"82":{"start":{"line":186,"column":12},"end":{"line":190,"column":13}},"83":{"start":{"line":187,"column":14},"end":{"line":187,"column":44}},"84":{"start":{"line":188,"column":19},"end":{"line":190,"column":13}},"85":{"start":{"line":189,"column":14},"end":{"line":189,"column":29}},"86":{"start":{"line":191,"column":12},"end":{"line":201,"column":13}},"87":{"start":{"line":192,"column":14},"end":{"line":198,"column":15}},"88":{"start":{"line":193,"column":16},"end":{"line":193,"column":74}},"89":{"start":{"line":193,"column":51},"end":{"line":193,"column":73}},"90":{"start":{"line":197,"column":16},"end":{"line":197,"column":46}},"91":{"start":{"line":200,"column":14},"end":{"line":200,"column":26}},"92":{"start":{"line":203,"column":12},"end":{"line":208,"column":13}},"93":{"start":{"line":205,"column":14},"end":{"line":205,"column":26}},"94":{"start":{"line":207,"column":14},"end":{"line":207,"column":63}},"95":{"start":{"line":211,"column":10},"end":{"line":211,"column":22}},"96":{"start":{"line":214,"column":8},"end":{"line":214,"column":19}},"97":{"start":{"line":218,"column":4},"end":{"line":218,"column":27}},"98":{"start":{"line":228,"column":2},"end":{"line":235,"column":3}},"99":{"start":{"line":232,"column":30},"end":{"line":232,"column":35}},"100":{"start":{"line":233,"column":60},"end":{"line":233,"column":86}},"101":{"start":{"line":237,"column":2},"end":{"line":278,"column":3}},"102":{"start":{"line":238,"column":18},"end":{"line":238,"column":63}},"103":{"start":{"line":241,"column":6},"end":{"line":273,"column":7}},"104":{"start":{"line":242,"column":50},"end":{"line":242,"column":85}},"105":{"start":{"line":244,"column":8},"end":{"line":270,"column":9}},"106":{"start":{"line":245,"column":10},"end":{"line":267,"column":11}},"107":{"start":{"line":246,"column":27},"end":{"line":246,"column":31}},"108":{"start":{"line":247,"column":12},"end":{"line":251,"column":13}},"109":{"start":{"line":248,"column":14},"end":{"line":248,"column":44}},"110":{"start":{"line":249,"column":19},"end":{"line":251,"column":13}},"111":{"start":{"line":250,"column":14},"end":{"line":250,"column":29}},"112":{"start":{"line":252,"column":12},"end":{"line":260,"column":13}},"113":{"start":{"line":253,"column":14},"end":{"line":257,"column":15}},"114":{"start":{"line":254,"column":16},"end":{"line":254,"column":72}},"115":{"start":{"line":254,"column":49},"end":{"line":254,"column":71}},"116":{"start":{"line":256,"column":16},"end":{"line":256,"column":31}},"117":{"start":{"line":259,"column":14},"end":{"line":259,"column":20}},"118":{"start":{"line":262,"column":12},"end":{"line":266,"column":13}},"119":{"start":{"line":263,"column":14},"end":{"line":263,"column":73}},"120":{"start":{"line":265,"column":14},"end":{"line":265,"column":20}},"121":{"start":{"line":269,"column":10},"end":{"line":269,"column":16}},"122":{"start":{"line":272,"column":8},"end":{"line":272,"column":19}},"123":{"start":{"line":276,"column":28},"end":{"line":276,"column":58}},"124":{"start":{"line":277,"column":4},"end":{"line":277,"column":68}},"125":{"start":{"line":282,"column":2},"end":{"line":289,"column":3}},"126":{"start":{"line":287,"column":30},"end":{"line":287,"column":35}},"127":{"start":{"line":291,"column":2},"end":{"line":356,"column":3}},"128":{"start":{"line":292,"column":18},"end":{"line":292,"column":63}},"129":{"start":{"line":294,"column":17},"end":{"line":353,"column":5}},"130":{"start":{"line":296,"column":6},"end":{"line":352,"column":7}},"131":{"start":{"line":297,"column":50},"end":{"line":297,"column":85}},"132":{"start":{"line":299,"column":8},"end":{"line":349,"column":9}},"133":{"start":{"line":300,"column":10},"end":{"line":300,"column":16}},"134":{"start":{"line":301,"column":15},"end":{"line":349,"column":9}},"135":{"start":{"line":302,"column":10},"end":{"line":315,"column":11}},"136":{"start":{"line":304,"column":12},"end":{"line":314,"column":13}},"137":{"start":{"line":305,"column":14},"end":{"line":308,"column":15}},"138":{"start":{"line":307,"column":16},"end":{"line":307,"column":75}},"139":{"start":{"line":310,"column":14},"end":{"line":313,"column":15}},"140":{"start":{"line":312,"column":16},"end":{"line":312,"column":56}},"141":{"start":{"line":316,"column":15},"end":{"line":349,"column":9}},"142":{"start":{"line":317,"column":26},"end":{"line":317,"column":53}},"143":{"start":{"line":318,"column":45},"end":{"line":318,"column":84}},"144":{"start":{"line":319,"column":10},"end":{"line":345,"column":11}},"145":{"start":{"line":321,"column":17},"end":{"line":345,"column":11}},"146":{"start":{"line":322,"column":12},"end":{"line":324,"column":13}},"147":{"start":{"line":323,"column":14},"end":{"line":323,"column":74}},"148":{"start":{"line":326,"column":12},"end":{"line":344,"column":13}},"149":{"start":{"line":328,"column":14},"end":{"line":334,"column":15}},"150":{"start":{"line":329,"column":16},"end":{"line":329,"column":56}},"151":{"start":{"line":333,"column":16},"end":{"line":333,"column":80}},"152":{"start":{"line":337,"column":17},"end":{"line":344,"column":13}},"153":{"start":{"line":339,"column":14},"end":{"line":339,"column":74}},"154":{"start":{"line":343,"column":14},"end":{"line":343,"column":78}},"155":{"start":{"line":348,"column":10},"end":{"line":348,"column":51}},"156":{"start":{"line":351,"column":8},"end":{"line":351,"column":54}},"157":{"start":{"line":355,"column":4},"end":{"line":355,"column":36}},"158":{"start":{"line":360,"column":2},"end":{"line":368,"column":3}},"159":{"start":{"line":366,"column":30},"end":{"line":366,"column":35}},"160":{"start":{"line":370,"column":2},"end":{"line":406,"column":3}},"161":{"start":{"line":371,"column":18},"end":{"line":371,"column":63}},"162":{"start":{"line":372,"column":17},"end":{"line":372,"column":123}},"163":{"start":{"line":375,"column":48},"end":{"line":375,"column":83}},"164":{"start":{"line":378,"column":6},"end":{"line":402,"column":7}},"165":{"start":{"line":380,"column":8},"end":{"line":380,"column":20}},"166":{"start":{"line":381,"column":13},"end":{"line":402,"column":7}},"167":{"start":{"line":382,"column":8},"end":{"line":390,"column":9}},"168":{"start":{"line":383,"column":10},"end":{"line":389,"column":12}},"169":{"start":{"line":384,"column":12},"end":{"line":388,"column":13}},"170":{"start":{"line":385,"column":14},"end":{"line":385,"column":74}},"171":{"start":{"line":387,"column":14},"end":{"line":387,"column":86}},"172":{"start":{"line":391,"column":13},"end":{"line":402,"column":7}},"173":{"start":{"line":392,"column":8},"end":{"line":397,"column":9}},"174":{"start":{"line":394,"column":10},"end":{"line":394,"column":22}},"175":{"start":{"line":396,"column":10},"end":{"line":396,"column":72}},"176":{"start":{"line":398,"column":13},"end":{"line":402,"column":7}},"177":{"start":{"line":399,"column":8},"end":{"line":399,"column":55}},"178":{"start":{"line":401,"column":8},"end":{"line":401,"column":20}},"179":{"start":{"line":405,"column":4},"end":{"line":405,"column":39}},"180":{"start":{"line":409,"column":19},"end":{"line":409,"column":28}},"181":{"start":{"line":410,"column":19},"end":{"line":410,"column":28}},"182":{"start":{"line":411,"column":19},"end":{"line":411,"column":28}},"183":{"start":{"line":412,"column":22},"end":{"line":412,"column":34}}},"fnMap":{"0":{"name":"resolveVariable","decl":{"start":{"line":4,"column":16},"end":{"line":4,"column":31}},"loc":{"start":{"line":4,"column":41},"end":{"line":18,"column":1}},"line":4},"1":{"name":"(anonymous_1)","decl":{"start":{"line":5,"column":9},"end":{"line":5,"column":10}},"loc":{"start":{"line":5,"column":23},"end":{"line":17,"column":3}},"line":5},"2":{"name":"resolveContext","decl":{"start":{"line":20,"column":16},"end":{"line":20,"column":30}},"loc":{"start":{"line":20,"column":47},"end":{"line":27,"column":1}},"line":20},"3":{"name":"resolveStep","decl":{"start":{"line":29,"column":16},"end":{"line":29,"column":27}},"loc":{"start":{"line":29,"column":52},"end":{"line":105,"column":1}},"line":29},"4":{"name":"(anonymous_4)","decl":{"start":{"line":75,"column":17},"end":{"line":75,"column":18}},"loc":{"start":{"line":75,"column":27},"end":{"line":75,"column":38}},"line":75},"5":{"name":"getIndexByChildKeyValue","decl":{"start":{"line":107,"column":16},"end":{"line":107,"column":39}},"loc":{"start":{"line":107,"column":62},"end":{"line":113,"column":1}},"line":107},"6":{"name":"hasProp","decl":{"start":{"line":115,"column":16},"end":{"line":115,"column":23}},"loc":{"start":{"line":115,"column":34},"end":{"line":121,"column":1}},"line":115},"7":{"name":"getProp","decl":{"start":{"line":123,"column":16},"end":{"line":123,"column":23}},"loc":{"start":{"line":123,"column":34},"end":{"line":131,"column":1}},"line":123},"8":{"name":"setProp","decl":{"start":{"line":133,"column":16},"end":{"line":133,"column":23}},"loc":{"start":{"line":133,"column":56},"end":{"line":148,"column":1}},"line":133},"9":{"name":"removeProp","decl":{"start":{"line":150,"column":16},"end":{"line":150,"column":26}},"loc":{"start":{"line":150,"column":49},"end":{"line":163,"column":1}},"line":150},"10":{"name":"makeHas","decl":{"start":{"line":165,"column":16},"end":{"line":165,"column":23}},"loc":{"start":{"line":165,"column":33},"end":{"line":220,"column":1}},"line":165},"11":{"name":"(anonymous_11)","decl":{"start":{"line":170,"column":19},"end":{"line":170,"column":20}},"loc":{"start":{"line":170,"column":30},"end":{"line":170,"column":35}},"line":170},"12":{"name":"(anonymous_12)","decl":{"start":{"line":174,"column":9},"end":{"line":174,"column":10}},"loc":{"start":{"line":174,"column":39},"end":{"line":219,"column":3}},"line":174},"13":{"name":"_has","decl":{"start":{"line":178,"column":13},"end":{"line":178,"column":17}},"loc":{"start":{"line":178,"column":32},"end":{"line":216,"column":5}},"line":178},"14":{"name":"(anonymous_14)","decl":{"start":{"line":193,"column":38},"end":{"line":193,"column":39}},"loc":{"start":{"line":193,"column":51},"end":{"line":193,"column":73}},"line":193},"15":{"name":"makeGet","decl":{"start":{"line":227,"column":16},"end":{"line":227,"column":23}},"loc":{"start":{"line":227,"column":33},"end":{"line":279,"column":1}},"line":227},"16":{"name":"(anonymous_16)","decl":{"start":{"line":232,"column":19},"end":{"line":232,"column":20}},"loc":{"start":{"line":232,"column":30},"end":{"line":232,"column":35}},"line":232},"17":{"name":"(anonymous_17)","decl":{"start":{"line":233,"column":11},"end":{"line":233,"column":12}},"loc":{"start":{"line":233,"column":60},"end":{"line":233,"column":86}},"line":233},"18":{"name":"(anonymous_18)","decl":{"start":{"line":237,"column":9},"end":{"line":237,"column":10}},"loc":{"start":{"line":237,"column":39},"end":{"line":278,"column":3}},"line":237},"19":{"name":"_get","decl":{"start":{"line":240,"column":13},"end":{"line":240,"column":17}},"loc":{"start":{"line":240,"column":42},"end":{"line":274,"column":5}},"line":240},"20":{"name":"(anonymous_20)","decl":{"start":{"line":254,"column":36},"end":{"line":254,"column":37}},"loc":{"start":{"line":254,"column":49},"end":{"line":254,"column":71}},"line":254},"21":{"name":"makeSet","decl":{"start":{"line":281,"column":16},"end":{"line":281,"column":23}},"loc":{"start":{"line":281,"column":33},"end":{"line":357,"column":1}},"line":281},"22":{"name":"(anonymous_22)","decl":{"start":{"line":287,"column":19},"end":{"line":287,"column":20}},"loc":{"start":{"line":287,"column":30},"end":{"line":287,"column":35}},"line":287},"23":{"name":"(anonymous_23)","decl":{"start":{"line":291,"column":9},"end":{"line":291,"column":10}},"loc":{"start":{"line":291,"column":46},"end":{"line":356,"column":3}},"line":291},"24":{"name":"(anonymous_24)","decl":{"start":{"line":294,"column":17},"end":{"line":294,"column":18}},"loc":{"start":{"line":294,"column":53},"end":{"line":353,"column":5}},"line":294},"25":{"name":"makeRemove","decl":{"start":{"line":359,"column":16},"end":{"line":359,"column":26}},"loc":{"start":{"line":359,"column":36},"end":{"line":407,"column":1}},"line":359},"26":{"name":"(anonymous_26)","decl":{"start":{"line":366,"column":19},"end":{"line":366,"column":20}},"loc":{"start":{"line":366,"column":30},"end":{"line":366,"column":35}},"line":366},"27":{"name":"(anonymous_27)","decl":{"start":{"line":370,"column":9},"end":{"line":370,"column":10}},"loc":{"start":{"line":370,"column":39},"end":{"line":406,"column":3}},"line":370},"28":{"name":"_remove","decl":{"start":{"line":374,"column":13},"end":{"line":374,"column":20}},"loc":{"start":{"line":374,"column":45},"end":{"line":403,"column":5}},"line":374},"29":{"name":"(anonymous_29)","decl":{"start":{"line":383,"column":41},"end":{"line":383,"column":42}},"loc":{"start":{"line":383,"column":50},"end":{"line":389,"column":11}},"line":383}},"branchMap":{"0":{"loc":{"start":{"line":7,"column":4},"end":{"line":16,"column":5}},"type":"if","locations":[{"start":{"line":7,"column":4},"end":{"line":16,"column":5}},{"start":{"line":7,"column":4},"end":{"line":16,"column":5}}],"line":7},"1":{"loc":{"start":{"line":9,"column":6},"end":{"line":13,"column":7}},"type":"if","locations":[{"start":{"line":9,"column":6},"end":{"line":13,"column":7}},{"start":{"line":9,"column":6},"end":{"line":13,"column":7}}],"line":9},"2":{"loc":{"start":{"line":23,"column":20},"end":{"line":23,"column":51}},"type":"binary-expr","locations":[{"start":{"line":23,"column":20},"end":{"line":23,"column":45}},{"start":{"line":23,"column":49},"end":{"line":23,"column":51}}],"line":23},"3":{"loc":{"start":{"line":30,"column":11},"end":{"line":30,"column":23}},"type":"binary-expr","locations":[{"start":{"line":30,"column":11},"end":{"line":30,"column":17}},{"start":{"line":30,"column":21},"end":{"line":30,"column":23}}],"line":30},"4":{"loc":{"start":{"line":31,"column":12},"end":{"line":31,"column":25}},"type":"binary-expr","locations":[{"start":{"line":31,"column":12},"end":{"line":31,"column":19}},{"start":{"line":31,"column":23},"end":{"line":31,"column":25}}],"line":31},"5":{"loc":{"start":{"line":39,"column":2},"end":{"line":102,"column":3}},"type":"if","locations":[{"start":{"line":39,"column":2},"end":{"line":102,"column":3}},{"start":{"line":39,"column":2},"end":{"line":102,"column":3}}],"line":39},"6":{"loc":{"start":{"line":51,"column":4},"end":{"line":62,"column":5}},"type":"if","locations":[{"start":{"line":51,"column":4},"end":{"line":62,"column":5}},{"start":{"line":51,"column":4},"end":{"line":62,"column":5}}],"line":51},"7":{"loc":{"start":{"line":65,"column":4},"end":{"line":98,"column":5}},"type":"if","locations":[{"start":{"line":65,"column":4},"end":{"line":98,"column":5}},{"start":{"line":65,"column":4},"end":{"line":98,"column":5}}],"line":65},"8":{"loc":{"start":{"line":69,"column":9},"end":{"line":98,"column":5}},"type":"if","locations":[{"start":{"line":69,"column":9},"end":{"line":98,"column":5}},{"start":{"line":69,"column":9},"end":{"line":98,"column":5}}],"line":69},"9":{"loc":{"start":{"line":69,"column":13},"end":{"line":69,"column":61}},"type":"binary-expr","locations":[{"start":{"line":69,"column":13},"end":{"line":69,"column":38}},{"start":{"line":69,"column":42},"end":{"line":69,"column":61}}],"line":69},"10":{"loc":{"start":{"line":70,"column":23},"end":{"line":75,"column":39}},"type":"cond-expr","locations":[{"start":{"line":71,"column":10},"end":{"line":71,"column":57}},{"start":{"line":72,"column":10},"end":{"line":75,"column":39}}],"line":70},"11":{"loc":{"start":{"line":78,"column":6},"end":{"line":92,"column":7}},"type":"if","locations":[{"start":{"line":78,"column":6},"end":{"line":92,"column":7}},{"start":{"line":78,"column":6},"end":{"line":92,"column":7}}],"line":78},"12":{"loc":{"start":{"line":81,"column":8},"end":{"line":87,"column":9}},"type":"if","locations":[{"start":{"line":81,"column":8},"end":{"line":87,"column":9}},{"start":{"line":81,"column":8},"end":{"line":87,"column":9}}],"line":81},"13":{"loc":{"start":{"line":93,"column":11},"end":{"line":98,"column":5}},"type":"if","locations":[{"start":{"line":93,"column":11},"end":{"line":98,"column":5}},{"start":{"line":93,"column":11},"end":{"line":98,"column":5}}],"line":93},"14":{"loc":{"start":{"line":109,"column":4},"end":{"line":111,"column":5}},"type":"if","locations":[{"start":{"line":109,"column":4},"end":{"line":111,"column":5}},{"start":{"line":109,"column":4},"end":{"line":111,"column":5}}],"line":109},"15":{"loc":{"start":{"line":109,"column":8},"end":{"line":109,"column":64}},"type":"binary-expr","locations":[{"start":{"line":109,"column":8},"end":{"line":109,"column":32}},{"start":{"line":109,"column":36},"end":{"line":109,"column":64}}],"line":109},"16":{"loc":{"start":{"line":116,"column":2},"end":{"line":120,"column":3}},"type":"if","locations":[{"start":{"line":116,"column":2},"end":{"line":120,"column":3}},{"start":{"line":116,"column":2},"end":{"line":120,"column":3}}],"line":116},"17":{"loc":{"start":{"line":116,"column":6},"end":{"line":116,"column":62}},"type":"binary-expr","locations":[{"start":{"line":116,"column":6},"end":{"line":116,"column":21}},{"start":{"line":116,"column":26},"end":{"line":116,"column":39}},{"start":{"line":116,"column":43},"end":{"line":116,"column":61}}],"line":116},"18":{"loc":{"start":{"line":124,"column":2},"end":{"line":130,"column":3}},"type":"if","locations":[{"start":{"line":124,"column":2},"end":{"line":130,"column":3}},{"start":{"line":124,"column":2},"end":{"line":130,"column":3}}],"line":124},"19":{"loc":{"start":{"line":124,"column":6},"end":{"line":124,"column":62}},"type":"binary-expr","locations":[{"start":{"line":124,"column":6},"end":{"line":124,"column":21}},{"start":{"line":124,"column":26},"end":{"line":124,"column":39}},{"start":{"line":124,"column":43},"end":{"line":124,"column":61}}],"line":124},"20":{"loc":{"start":{"line":126,"column":9},"end":{"line":130,"column":3}},"type":"if","locations":[{"start":{"line":126,"column":9},"end":{"line":130,"column":3}},{"start":{"line":126,"column":9},"end":{"line":130,"column":3}}],"line":126},"21":{"loc":{"start":{"line":126,"column":13},"end":{"line":126,"column":37}},"type":"binary-expr","locations":[{"start":{"line":126,"column":13},"end":{"line":126,"column":16}},{"start":{"line":126,"column":20},"end":{"line":126,"column":37}}],"line":126},"22":{"loc":{"start":{"line":133,"column":41},"end":{"line":133,"column":54}},"type":"default-arg","locations":[{"start":{"line":133,"column":49},"end":{"line":133,"column":54}}],"line":133},"23":{"loc":{"start":{"line":134,"column":2},"end":{"line":147,"column":3}},"type":"if","locations":[{"start":{"line":134,"column":2},"end":{"line":147,"column":3}},{"start":{"line":134,"column":2},"end":{"line":147,"column":3}}],"line":134},"24":{"loc":{"start":{"line":134,"column":6},"end":{"line":134,"column":62}},"type":"binary-expr","locations":[{"start":{"line":134,"column":6},"end":{"line":134,"column":21}},{"start":{"line":134,"column":26},"end":{"line":134,"column":39}},{"start":{"line":134,"column":43},"end":{"line":134,"column":61}}],"line":134},"25":{"loc":{"start":{"line":137,"column":9},"end":{"line":147,"column":3}},"type":"if","locations":[{"start":{"line":137,"column":9},"end":{"line":147,"column":3}},{"start":{"line":137,"column":9},"end":{"line":147,"column":3}}],"line":137},"26":{"loc":{"start":{"line":137,"column":13},"end":{"line":137,"column":36}},"type":"binary-expr","locations":[{"start":{"line":137,"column":13},"end":{"line":137,"column":16}},{"start":{"line":137,"column":20},"end":{"line":137,"column":36}}],"line":137},"27":{"loc":{"start":{"line":138,"column":4},"end":{"line":142,"column":5}},"type":"if","locations":[{"start":{"line":138,"column":4},"end":{"line":142,"column":5}},{"start":{"line":138,"column":4},"end":{"line":142,"column":5}}],"line":138},"28":{"loc":{"start":{"line":152,"column":2},"end":{"line":162,"column":3}},"type":"if","locations":[{"start":{"line":152,"column":2},"end":{"line":162,"column":3}},{"start":{"line":152,"column":2},"end":{"line":162,"column":3}}],"line":152},"29":{"loc":{"start":{"line":155,"column":9},"end":{"line":162,"column":3}},"type":"if","locations":[{"start":{"line":155,"column":9},"end":{"line":162,"column":3}},{"start":{"line":155,"column":9},"end":{"line":162,"column":3}}],"line":155},"30":{"loc":{"start":{"line":171,"column":8},"end":{"line":171,"column":21}},"type":"binary-expr","locations":[{"start":{"line":171,"column":8},"end":{"line":171,"column":15}},{"start":{"line":171,"column":19},"end":{"line":171,"column":21}}],"line":171},"31":{"loc":{"start":{"line":180,"column":6},"end":{"line":215,"column":7}},"type":"if","locations":[{"start":{"line":180,"column":6},"end":{"line":215,"column":7}},{"start":{"line":180,"column":6},"end":{"line":215,"column":7}}],"line":180},"32":{"loc":{"start":{"line":183,"column":8},"end":{"line":212,"column":9}},"type":"if","locations":[{"start":{"line":183,"column":8},"end":{"line":212,"column":9}},{"start":{"line":183,"column":8},"end":{"line":212,"column":9}}],"line":183},"33":{"loc":{"start":{"line":184,"column":10},"end":{"line":209,"column":11}},"type":"if","locations":[{"start":{"line":184,"column":10},"end":{"line":209,"column":11}},{"start":{"line":184,"column":10},"end":{"line":209,"column":11}}],"line":184},"34":{"loc":{"start":{"line":186,"column":12},"end":{"line":190,"column":13}},"type":"if","locations":[{"start":{"line":186,"column":12},"end":{"line":190,"column":13}},{"start":{"line":186,"column":12},"end":{"line":190,"column":13}}],"line":186},"35":{"loc":{"start":{"line":188,"column":19},"end":{"line":190,"column":13}},"type":"if","locations":[{"start":{"line":188,"column":19},"end":{"line":190,"column":13}},{"start":{"line":188,"column":19},"end":{"line":190,"column":13}}],"line":188},"36":{"loc":{"start":{"line":191,"column":12},"end":{"line":201,"column":13}},"type":"if","locations":[{"start":{"line":191,"column":12},"end":{"line":201,"column":13}},{"start":{"line":191,"column":12},"end":{"line":201,"column":13}}],"line":191},"37":{"loc":{"start":{"line":192,"column":14},"end":{"line":198,"column":15}},"type":"if","locations":[{"start":{"line":192,"column":14},"end":{"line":198,"column":15}},{"start":{"line":192,"column":14},"end":{"line":198,"column":15}}],"line":192},"38":{"loc":{"start":{"line":203,"column":12},"end":{"line":208,"column":13}},"type":"if","locations":[{"start":{"line":203,"column":12},"end":{"line":208,"column":13}},{"start":{"line":203,"column":12},"end":{"line":208,"column":13}}],"line":203},"39":{"loc":{"start":{"line":234,"column":8},"end":{"line":234,"column":21}},"type":"binary-expr","locations":[{"start":{"line":234,"column":8},"end":{"line":234,"column":15}},{"start":{"line":234,"column":19},"end":{"line":234,"column":21}}],"line":234},"40":{"loc":{"start":{"line":241,"column":6},"end":{"line":273,"column":7}},"type":"if","locations":[{"start":{"line":241,"column":6},"end":{"line":273,"column":7}},{"start":{"line":241,"column":6},"end":{"line":273,"column":7}}],"line":241},"41":{"loc":{"start":{"line":244,"column":8},"end":{"line":270,"column":9}},"type":"if","locations":[{"start":{"line":244,"column":8},"end":{"line":270,"column":9}},{"start":{"line":244,"column":8},"end":{"line":270,"column":9}}],"line":244},"42":{"loc":{"start":{"line":245,"column":10},"end":{"line":267,"column":11}},"type":"if","locations":[{"start":{"line":245,"column":10},"end":{"line":267,"column":11}},{"start":{"line":245,"column":10},"end":{"line":267,"column":11}}],"line":245},"43":{"loc":{"start":{"line":247,"column":12},"end":{"line":251,"column":13}},"type":"if","locations":[{"start":{"line":247,"column":12},"end":{"line":251,"column":13}},{"start":{"line":247,"column":12},"end":{"line":251,"column":13}}],"line":247},"44":{"loc":{"start":{"line":249,"column":19},"end":{"line":251,"column":13}},"type":"if","locations":[{"start":{"line":249,"column":19},"end":{"line":251,"column":13}},{"start":{"line":249,"column":19},"end":{"line":251,"column":13}}],"line":249},"45":{"loc":{"start":{"line":252,"column":12},"end":{"line":260,"column":13}},"type":"if","locations":[{"start":{"line":252,"column":12},"end":{"line":260,"column":13}},{"start":{"line":252,"column":12},"end":{"line":260,"column":13}}],"line":252},"46":{"loc":{"start":{"line":253,"column":14},"end":{"line":257,"column":15}},"type":"if","locations":[{"start":{"line":253,"column":14},"end":{"line":257,"column":15}},{"start":{"line":253,"column":14},"end":{"line":257,"column":15}}],"line":253},"47":{"loc":{"start":{"line":262,"column":12},"end":{"line":266,"column":13}},"type":"if","locations":[{"start":{"line":262,"column":12},"end":{"line":266,"column":13}},{"start":{"line":262,"column":12},"end":{"line":266,"column":13}}],"line":262},"48":{"loc":{"start":{"line":288,"column":8},"end":{"line":288,"column":21}},"type":"binary-expr","locations":[{"start":{"line":288,"column":8},"end":{"line":288,"column":15}},{"start":{"line":288,"column":19},"end":{"line":288,"column":21}}],"line":288},"49":{"loc":{"start":{"line":296,"column":6},"end":{"line":352,"column":7}},"type":"if","locations":[{"start":{"line":296,"column":6},"end":{"line":352,"column":7}},{"start":{"line":296,"column":6},"end":{"line":352,"column":7}}],"line":296},"50":{"loc":{"start":{"line":299,"column":8},"end":{"line":349,"column":9}},"type":"if","locations":[{"start":{"line":299,"column":8},"end":{"line":349,"column":9}},{"start":{"line":299,"column":8},"end":{"line":349,"column":9}}],"line":299},"51":{"loc":{"start":{"line":301,"column":15},"end":{"line":349,"column":9}},"type":"if","locations":[{"start":{"line":301,"column":15},"end":{"line":349,"column":9}},{"start":{"line":301,"column":15},"end":{"line":349,"column":9}}],"line":301},"52":{"loc":{"start":{"line":302,"column":10},"end":{"line":315,"column":11}},"type":"if","locations":[{"start":{"line":302,"column":10},"end":{"line":315,"column":11}},{"start":{"line":302,"column":10},"end":{"line":315,"column":11}}],"line":302},"53":{"loc":{"start":{"line":302,"column":14},"end":{"line":302,"column":51}},"type":"binary-expr","locations":[{"start":{"line":302,"column":14},"end":{"line":302,"column":28}},{"start":{"line":302,"column":32},"end":{"line":302,"column":51}}],"line":302},"54":{"loc":{"start":{"line":304,"column":12},"end":{"line":314,"column":13}},"type":"if","locations":[{"start":{"line":304,"column":12},"end":{"line":314,"column":13}},{"start":{"line":304,"column":12},"end":{"line":314,"column":13}}],"line":304},"55":{"loc":{"start":{"line":316,"column":15},"end":{"line":349,"column":9}},"type":"if","locations":[{"start":{"line":316,"column":15},"end":{"line":349,"column":9}},{"start":{"line":316,"column":15},"end":{"line":349,"column":9}}],"line":316},"56":{"loc":{"start":{"line":319,"column":10},"end":{"line":345,"column":11}},"type":"if","locations":[{"start":{"line":319,"column":10},"end":{"line":345,"column":11}},{"start":{"line":319,"column":10},"end":{"line":345,"column":11}}],"line":319},"57":{"loc":{"start":{"line":321,"column":17},"end":{"line":345,"column":11}},"type":"if","locations":[{"start":{"line":321,"column":17},"end":{"line":345,"column":11}},{"start":{"line":321,"column":17},"end":{"line":345,"column":11}}],"line":321},"58":{"loc":{"start":{"line":322,"column":12},"end":{"line":324,"column":13}},"type":"if","locations":[{"start":{"line":322,"column":12},"end":{"line":324,"column":13}},{"start":{"line":322,"column":12},"end":{"line":324,"column":13}}],"line":322},"59":{"loc":{"start":{"line":326,"column":12},"end":{"line":344,"column":13}},"type":"if","locations":[{"start":{"line":326,"column":12},"end":{"line":344,"column":13}},{"start":{"line":326,"column":12},"end":{"line":344,"column":13}}],"line":326},"60":{"loc":{"start":{"line":326,"column":16},"end":{"line":326,"column":65}},"type":"binary-expr","locations":[{"start":{"line":326,"column":16},"end":{"line":326,"column":43}},{"start":{"line":326,"column":47},"end":{"line":326,"column":65}}],"line":326},"61":{"loc":{"start":{"line":328,"column":14},"end":{"line":334,"column":15}},"type":"if","locations":[{"start":{"line":328,"column":14},"end":{"line":334,"column":15}},{"start":{"line":328,"column":14},"end":{"line":334,"column":15}}],"line":328},"62":{"loc":{"start":{"line":328,"column":18},"end":{"line":328,"column":71}},"type":"binary-expr","locations":[{"start":{"line":328,"column":18},"end":{"line":328,"column":45}},{"start":{"line":328,"column":49},"end":{"line":328,"column":71}}],"line":328},"63":{"loc":{"start":{"line":337,"column":17},"end":{"line":344,"column":13}},"type":"if","locations":[{"start":{"line":337,"column":17},"end":{"line":344,"column":13}},{"start":{"line":337,"column":17},"end":{"line":344,"column":13}}],"line":337},"64":{"loc":{"start":{"line":337,"column":21},"end":{"line":337,"column":69}},"type":"binary-expr","locations":[{"start":{"line":337,"column":21},"end":{"line":337,"column":48}},{"start":{"line":337,"column":52},"end":{"line":337,"column":69}}],"line":337},"65":{"loc":{"start":{"line":367,"column":8},"end":{"line":367,"column":21}},"type":"binary-expr","locations":[{"start":{"line":367,"column":8},"end":{"line":367,"column":15}},{"start":{"line":367,"column":19},"end":{"line":367,"column":21}}],"line":367},"66":{"loc":{"start":{"line":372,"column":17},"end":{"line":372,"column":123}},"type":"binary-expr","locations":[{"start":{"line":372,"column":17},"end":{"line":372,"column":28}},{"start":{"line":372,"column":32},"end":{"line":372,"column":123}}],"line":372},"67":{"loc":{"start":{"line":378,"column":6},"end":{"line":402,"column":7}},"type":"if","locations":[{"start":{"line":378,"column":6},"end":{"line":402,"column":7}},{"start":{"line":378,"column":6},"end":{"line":402,"column":7}}],"line":378},"68":{"loc":{"start":{"line":381,"column":13},"end":{"line":402,"column":7}},"type":"if","locations":[{"start":{"line":381,"column":13},"end":{"line":402,"column":7}},{"start":{"line":381,"column":13},"end":{"line":402,"column":7}}],"line":381},"69":{"loc":{"start":{"line":382,"column":8},"end":{"line":390,"column":9}},"type":"if","locations":[{"start":{"line":382,"column":8},"end":{"line":390,"column":9}},{"start":{"line":382,"column":8},"end":{"line":390,"column":9}}],"line":382},"70":{"loc":{"start":{"line":382,"column":12},"end":{"line":382,"column":49}},"type":"binary-expr","locations":[{"start":{"line":382,"column":12},"end":{"line":382,"column":26}},{"start":{"line":382,"column":30},"end":{"line":382,"column":49}}],"line":382},"71":{"loc":{"start":{"line":384,"column":12},"end":{"line":388,"column":13}},"type":"if","locations":[{"start":{"line":384,"column":12},"end":{"line":388,"column":13}},{"start":{"line":384,"column":12},"end":{"line":388,"column":13}}],"line":384},"72":{"loc":{"start":{"line":387,"column":46},"end":{"line":387,"column":75}},"type":"cond-expr","locations":[{"start":{"line":387,"column":68},"end":{"line":387,"column":69}},{"start":{"line":387,"column":72},"end":{"line":387,"column":75}}],"line":387},"73":{"loc":{"start":{"line":391,"column":13},"end":{"line":402,"column":7}},"type":"if","locations":[{"start":{"line":391,"column":13},"end":{"line":402,"column":7}},{"start":{"line":391,"column":13},"end":{"line":402,"column":7}}],"line":391},"74":{"loc":{"start":{"line":392,"column":8},"end":{"line":397,"column":9}},"type":"if","locations":[{"start":{"line":392,"column":8},"end":{"line":397,"column":9}},{"start":{"line":392,"column":8},"end":{"line":397,"column":9}}],"line":392},"75":{"loc":{"start":{"line":398,"column":13},"end":{"line":402,"column":7}},"type":"if","locations":[{"start":{"line":398,"column":13},"end":{"line":402,"column":7}},{"start":{"line":398,"column":13},"end":{"line":402,"column":7}}],"line":398}},"s":{"0":641,"1":66,"2":66,"3":65,"4":65,"5":11,"6":54,"7":1,"8":127,"9":127,"10":127,"11":12,"12":127,"13":630,"14":630,"15":630,"16":630,"17":630,"18":629,"19":629,"20":629,"21":629,"22":629,"23":28,"24":28,"25":28,"26":8,"27":28,"28":629,"29":2,"30":627,"31":87,"32":152,"33":87,"34":85,"35":85,"36":85,"37":84,"38":1,"39":2,"40":540,"41":540,"42":1,"43":1,"44":630,"45":85,"46":114,"47":84,"48":387,"49":387,"50":0,"51":474,"52":473,"53":1,"54":1,"55":0,"56":51,"57":50,"58":50,"59":1,"60":1,"61":1,"62":0,"63":1,"64":0,"65":0,"66":50,"67":4,"68":4,"69":46,"70":46,"71":46,"72":0,"73":8,"74":38,"75":8,"76":38,"77":167,"78":125,"79":125,"80":125,"81":28,"82":28,"83":14,"84":14,"85":14,"86":28,"87":28,"88":20,"89":36,"90":8,"91":0,"92":97,"93":4,"94":93,"95":0,"96":42,"97":38,"98":38,"99":127,"100":127,"101":38,"102":127,"103":351,"104":213,"105":213,"106":213,"107":20,"108":20,"109":10,"110":10,"111":10,"112":20,"113":20,"114":16,"115":32,"116":4,"117":0,"118":193,"119":192,"120":1,"121":0,"122":138,"123":127,"124":127,"125":8,"126":30,"127":8,"128":30,"129":30,"130":116,"131":116,"132":116,"133":0,"134":116,"135":20,"136":20,"137":16,"138":32,"139":4,"140":8,"141":96,"142":54,"143":54,"144":54,"145":54,"146":20,"147":20,"148":34,"149":6,"150":6,"151":0,"152":28,"153":28,"154":0,"155":42,"156":0,"157":30,"158":8,"159":30,"160":8,"161":30,"162":30,"163":116,"164":116,"165":0,"166":116,"167":20,"168":20,"169":40,"170":32,"171":8,"172":96,"173":54,"174":0,"175":54,"176":42,"177":42,"178":0,"179":30,"180":8,"181":8,"182":8,"183":8},"f":{"0":641,"1":66,"2":127,"3":630,"4":152,"5":85,"6":387,"7":474,"8":51,"9":50,"10":8,"11":38,"12":38,"13":167,"14":36,"15":38,"16":127,"17":127,"18":127,"19":351,"20":32,"21":8,"22":30,"23":30,"24":116,"25":8,"26":30,"27":30,"28":116,"29":40},"b":{"0":[65,1],"1":[11,54],"2":[127,119],"3":[630,6],"4":[630,472],"5":[629,1],"6":[28,601],"7":[2,627],"8":[87,540],"9":[627,617],"10":[10,77],"11":[85,2],"12":[84,1],"13":[540,0],"14":[84,30],"15":[114,114],"16":[387,0],"17":[387,387,45],"18":[473,1],"19":[474,473,73],"20":[1,0],"21":[1,1],"22":[1],"23":[50,1],"24":[51,50,4],"25":[1,0],"26":[1,1],"27":[1,0],"28":[4,46],"29":[46,0],"30":[8,8],"31":[125,42],"32":[125,0],"33":[28,97],"34":[14,14],"35":[14,0],"36":[28,0],"37":[20,8],"38":[4,93],"39":[38,8],"40":[213,138],"41":[213,0],"42":[20,193],"43":[10,10],"44":[10,0],"45":[20,0],"46":[16,4],"47":[192,1],"48":[8,8],"49":[116,0],"50":[0,116],"51":[20,96],"52":[20,0],"53":[20,10],"54":[16,4],"55":[54,42],"56":[0,54],"57":[20,34],"58":[20,0],"59":[6,28],"60":[34,8],"61":[6,0],"62":[6,6],"63":[28,0],"64":[28,28],"65":[8,8],"66":[30,30],"67":[0,116],"68":[20,96],"69":[20,0],"70":[20,10],"71":[32,8],"72":[4,4],"73":[54,42],"74":[0,54],"75":[42,0]},"_coverageSchema":"1a1c01bbd47fc00a2c39e90264f33305004495a9","hash":"7772af9a4e4502368803c7e2adfd48db518c123c"}
}
