{"C:\\Users\\desse\\Documents\\github\\projects\\object-string-path\\src\\index.js": {"path":"C:\\Users\\desse\\Documents\\github\\projects\\object-string-path\\src\\index.js","statementMap":{"0":{"start":{"line":5,"column":2},"end":{"line":17,"column":3}},"1":{"start":{"line":6,"column":4},"end":{"line":6,"column":36}},"2":{"start":{"line":7,"column":4},"end":{"line":16,"column":5}},"3":{"start":{"line":8,"column":20},"end":{"line":8,"column":51}},"4":{"start":{"line":9,"column":6},"end":{"line":13,"column":7}},"5":{"start":{"line":10,"column":8},"end":{"line":10,"column":36}},"6":{"start":{"line":12,"column":8},"end":{"line":12,"column":20}},"7":{"start":{"line":15,"column":6},"end":{"line":15,"column":24}},"8":{"start":{"line":21,"column":15},"end":{"line":21,"column":30}},"9":{"start":{"line":22,"column":26},"end":{"line":22,"column":28}},"10":{"start":{"line":23,"column":2},"end":{"line":25,"column":3}},"11":{"start":{"line":24,"column":4},"end":{"line":24,"column":70}},"12":{"start":{"line":26,"column":2},"end":{"line":26,"column":24}},"13":{"start":{"line":30,"column":2},"end":{"line":30,"column":23}},"14":{"start":{"line":31,"column":2},"end":{"line":31,"column":25}},"15":{"start":{"line":32,"column":14},"end":{"line":32,"column":22}},"16":{"start":{"line":33,"column":17},"end":{"line":37,"column":3}},"17":{"start":{"line":39,"column":2},"end":{"line":88,"column":3}},"18":{"start":{"line":40,"column":4},"end":{"line":40,"column":29}},"19":{"start":{"line":43,"column":4},"end":{"line":43,"column":27}},"20":{"start":{"line":46,"column":4},"end":{"line":46,"column":48}},"21":{"start":{"line":49,"column":4},"end":{"line":49,"column":66}},"22":{"start":{"line":52,"column":4},"end":{"line":84,"column":5}},"23":{"start":{"line":53,"column":6},"end":{"line":53,"column":26}},"24":{"start":{"line":55,"column":9},"end":{"line":84,"column":5}},"25":{"start":{"line":56,"column":23},"end":{"line":61,"column":39}},"26":{"start":{"line":61,"column":27},"end":{"line":61,"column":38}},"27":{"start":{"line":64,"column":6},"end":{"line":78,"column":7}},"28":{"start":{"line":65,"column":29},"end":{"line":65,"column":37}},"29":{"start":{"line":66,"column":22},"end":{"line":66,"column":65}},"30":{"start":{"line":67,"column":8},"end":{"line":73,"column":9}},"31":{"start":{"line":68,"column":10},"end":{"line":68,"column":29}},"32":{"start":{"line":70,"column":10},"end":{"line":70,"column":30}},"33":{"start":{"line":75,"column":8},"end":{"line":75,"column":28}},"34":{"start":{"line":79,"column":11},"end":{"line":84,"column":5}},"35":{"start":{"line":80,"column":6},"end":{"line":80,"column":25}},"36":{"start":{"line":86,"column":4},"end":{"line":86,"column":24}},"37":{"start":{"line":87,"column":4},"end":{"line":87,"column":95}},"38":{"start":{"line":90,"column":2},"end":{"line":90,"column":15}},"39":{"start":{"line":94,"column":2},"end":{"line":98,"column":3}},"40":{"start":{"line":95,"column":4},"end":{"line":97,"column":5}},"41":{"start":{"line":96,"column":6},"end":{"line":96,"column":17}},"42":{"start":{"line":102,"column":2},"end":{"line":106,"column":3}},"43":{"start":{"line":103,"column":4},"end":{"line":103,"column":21}},"44":{"start":{"line":105,"column":4},"end":{"line":105,"column":16}},"45":{"start":{"line":110,"column":2},"end":{"line":116,"column":3}},"46":{"start":{"line":111,"column":4},"end":{"line":111,"column":19}},"47":{"start":{"line":112,"column":9},"end":{"line":116,"column":3}},"48":{"start":{"line":113,"column":4},"end":{"line":113,"column":14}},"49":{"start":{"line":115,"column":4},"end":{"line":115,"column":10}},"50":{"start":{"line":120,"column":2},"end":{"line":133,"column":3}},"51":{"start":{"line":121,"column":4},"end":{"line":121,"column":20}},"52":{"start":{"line":122,"column":4},"end":{"line":122,"column":19}},"53":{"start":{"line":123,"column":9},"end":{"line":133,"column":3}},"54":{"start":{"line":124,"column":4},"end":{"line":128,"column":5}},"55":{"start":{"line":125,"column":6},"end":{"line":125,"column":31}},"56":{"start":{"line":127,"column":6},"end":{"line":127,"column":17}},"57":{"start":{"line":129,"column":4},"end":{"line":129,"column":14}},"58":{"start":{"line":131,"column":4},"end":{"line":131,"column":42}},"59":{"start":{"line":132,"column":4},"end":{"line":132,"column":10}},"60":{"start":{"line":137,"column":2},"end":{"line":143,"column":3}},"61":{"start":{"line":141,"column":30},"end":{"line":141,"column":35}},"62":{"start":{"line":145,"column":2},"end":{"line":166,"column":3}},"63":{"start":{"line":146,"column":18},"end":{"line":146,"column":63}},"64":{"start":{"line":151,"column":6},"end":{"line":162,"column":7}},"65":{"start":{"line":152,"column":50},"end":{"line":152,"column":84}},"66":{"start":{"line":154,"column":8},"end":{"line":159,"column":9}},"67":{"start":{"line":156,"column":10},"end":{"line":156,"column":90}},"68":{"start":{"line":158,"column":10},"end":{"line":158,"column":22}},"69":{"start":{"line":161,"column":8},"end":{"line":161,"column":19}},"70":{"start":{"line":165,"column":4},"end":{"line":165,"column":27}},"71":{"start":{"line":175,"column":2},"end":{"line":182,"column":3}},"72":{"start":{"line":179,"column":30},"end":{"line":179,"column":35}},"73":{"start":{"line":180,"column":60},"end":{"line":180,"column":86}},"74":{"start":{"line":184,"column":2},"end":{"line":203,"column":3}},"75":{"start":{"line":185,"column":18},"end":{"line":185,"column":63}},"76":{"start":{"line":188,"column":6},"end":{"line":198,"column":7}},"77":{"start":{"line":189,"column":50},"end":{"line":189,"column":85}},"78":{"start":{"line":191,"column":8},"end":{"line":195,"column":9}},"79":{"start":{"line":192,"column":10},"end":{"line":192,"column":69}},"80":{"start":{"line":194,"column":10},"end":{"line":194,"column":16}},"81":{"start":{"line":197,"column":8},"end":{"line":197,"column":19}},"82":{"start":{"line":201,"column":28},"end":{"line":201,"column":58}},"83":{"start":{"line":202,"column":4},"end":{"line":202,"column":68}},"84":{"start":{"line":207,"column":2},"end":{"line":214,"column":3}},"85":{"start":{"line":212,"column":30},"end":{"line":212,"column":35}},"86":{"start":{"line":216,"column":2},"end":{"line":257,"column":3}},"87":{"start":{"line":217,"column":18},"end":{"line":217,"column":63}},"88":{"start":{"line":219,"column":17},"end":{"line":254,"column":5}},"89":{"start":{"line":221,"column":6},"end":{"line":253,"column":7}},"90":{"start":{"line":222,"column":50},"end":{"line":222,"column":84}},"91":{"start":{"line":224,"column":8},"end":{"line":250,"column":9}},"92":{"start":{"line":225,"column":10},"end":{"line":225,"column":16}},"93":{"start":{"line":226,"column":15},"end":{"line":250,"column":9}},"94":{"start":{"line":227,"column":26},"end":{"line":227,"column":53}},"95":{"start":{"line":228,"column":37},"end":{"line":228,"column":75}},"96":{"start":{"line":229,"column":10},"end":{"line":247,"column":11}},"97":{"start":{"line":231,"column":12},"end":{"line":237,"column":13}},"98":{"start":{"line":232,"column":14},"end":{"line":232,"column":44}},"99":{"start":{"line":236,"column":14},"end":{"line":236,"column":68}},"100":{"start":{"line":240,"column":15},"end":{"line":247,"column":11}},"101":{"start":{"line":242,"column":12},"end":{"line":242,"column":62}},"102":{"start":{"line":246,"column":12},"end":{"line":246,"column":66}},"103":{"start":{"line":249,"column":10},"end":{"line":249,"column":45}},"104":{"start":{"line":252,"column":8},"end":{"line":252,"column":48}},"105":{"start":{"line":256,"column":4},"end":{"line":256,"column":27}},"106":{"start":{"line":260,"column":19},"end":{"line":260,"column":28}},"107":{"start":{"line":261,"column":19},"end":{"line":261,"column":28}},"108":{"start":{"line":262,"column":19},"end":{"line":262,"column":28}}},"fnMap":{"0":{"name":"resolveVariable","decl":{"start":{"line":4,"column":16},"end":{"line":4,"column":31}},"loc":{"start":{"line":4,"column":41},"end":{"line":18,"column":1}},"line":4},"1":{"name":"(anonymous_1)","decl":{"start":{"line":5,"column":9},"end":{"line":5,"column":10}},"loc":{"start":{"line":5,"column":23},"end":{"line":17,"column":3}},"line":5},"2":{"name":"resolveContext","decl":{"start":{"line":20,"column":16},"end":{"line":20,"column":30}},"loc":{"start":{"line":20,"column":47},"end":{"line":27,"column":1}},"line":20},"3":{"name":"resolveStep","decl":{"start":{"line":29,"column":16},"end":{"line":29,"column":27}},"loc":{"start":{"line":29,"column":52},"end":{"line":91,"column":1}},"line":29},"4":{"name":"(anonymous_4)","decl":{"start":{"line":61,"column":17},"end":{"line":61,"column":18}},"loc":{"start":{"line":61,"column":27},"end":{"line":61,"column":38}},"line":61},"5":{"name":"getIndexByChildKeyValue","decl":{"start":{"line":93,"column":16},"end":{"line":93,"column":39}},"loc":{"start":{"line":93,"column":62},"end":{"line":99,"column":1}},"line":93},"6":{"name":"hasProp","decl":{"start":{"line":101,"column":16},"end":{"line":101,"column":23}},"loc":{"start":{"line":101,"column":34},"end":{"line":107,"column":1}},"line":101},"7":{"name":"getProp","decl":{"start":{"line":109,"column":16},"end":{"line":109,"column":23}},"loc":{"start":{"line":109,"column":34},"end":{"line":117,"column":1}},"line":109},"8":{"name":"setProp","decl":{"start":{"line":119,"column":16},"end":{"line":119,"column":23}},"loc":{"start":{"line":119,"column":41},"end":{"line":134,"column":1}},"line":119},"9":{"name":"makeHas","decl":{"start":{"line":136,"column":16},"end":{"line":136,"column":23}},"loc":{"start":{"line":136,"column":33},"end":{"line":167,"column":1}},"line":136},"10":{"name":"(anonymous_10)","decl":{"start":{"line":141,"column":19},"end":{"line":141,"column":20}},"loc":{"start":{"line":141,"column":30},"end":{"line":141,"column":35}},"line":141},"11":{"name":"(anonymous_11)","decl":{"start":{"line":145,"column":9},"end":{"line":145,"column":10}},"loc":{"start":{"line":145,"column":39},"end":{"line":166,"column":3}},"line":145},"12":{"name":"_has","decl":{"start":{"line":149,"column":13},"end":{"line":149,"column":17}},"loc":{"start":{"line":149,"column":32},"end":{"line":163,"column":5}},"line":149},"13":{"name":"makeGet","decl":{"start":{"line":174,"column":16},"end":{"line":174,"column":23}},"loc":{"start":{"line":174,"column":33},"end":{"line":204,"column":1}},"line":174},"14":{"name":"(anonymous_14)","decl":{"start":{"line":179,"column":19},"end":{"line":179,"column":20}},"loc":{"start":{"line":179,"column":30},"end":{"line":179,"column":35}},"line":179},"15":{"name":"(anonymous_15)","decl":{"start":{"line":180,"column":11},"end":{"line":180,"column":12}},"loc":{"start":{"line":180,"column":60},"end":{"line":180,"column":86}},"line":180},"16":{"name":"(anonymous_16)","decl":{"start":{"line":184,"column":9},"end":{"line":184,"column":10}},"loc":{"start":{"line":184,"column":39},"end":{"line":203,"column":3}},"line":184},"17":{"name":"_get","decl":{"start":{"line":187,"column":13},"end":{"line":187,"column":17}},"loc":{"start":{"line":187,"column":42},"end":{"line":199,"column":5}},"line":187},"18":{"name":"makeSet","decl":{"start":{"line":206,"column":16},"end":{"line":206,"column":23}},"loc":{"start":{"line":206,"column":33},"end":{"line":258,"column":1}},"line":206},"19":{"name":"(anonymous_19)","decl":{"start":{"line":212,"column":19},"end":{"line":212,"column":20}},"loc":{"start":{"line":212,"column":30},"end":{"line":212,"column":35}},"line":212},"20":{"name":"(anonymous_20)","decl":{"start":{"line":216,"column":9},"end":{"line":216,"column":10}},"loc":{"start":{"line":216,"column":46},"end":{"line":257,"column":3}},"line":216},"21":{"name":"(anonymous_21)","decl":{"start":{"line":219,"column":17},"end":{"line":219,"column":18}},"loc":{"start":{"line":219,"column":43},"end":{"line":254,"column":5}},"line":219}},"branchMap":{"0":{"loc":{"start":{"line":7,"column":4},"end":{"line":16,"column":5}},"type":"if","locations":[{"start":{"line":7,"column":4},"end":{"line":16,"column":5}},{"start":{"line":7,"column":4},"end":{"line":16,"column":5}}],"line":7},"1":{"loc":{"start":{"line":9,"column":6},"end":{"line":13,"column":7}},"type":"if","locations":[{"start":{"line":9,"column":6},"end":{"line":13,"column":7}},{"start":{"line":9,"column":6},"end":{"line":13,"column":7}}],"line":9},"2":{"loc":{"start":{"line":23,"column":20},"end":{"line":23,"column":51}},"type":"binary-expr","locations":[{"start":{"line":23,"column":20},"end":{"line":23,"column":45}},{"start":{"line":23,"column":49},"end":{"line":23,"column":51}}],"line":23},"3":{"loc":{"start":{"line":30,"column":11},"end":{"line":30,"column":23}},"type":"binary-expr","locations":[{"start":{"line":30,"column":11},"end":{"line":30,"column":17}},{"start":{"line":30,"column":21},"end":{"line":30,"column":23}}],"line":30},"4":{"loc":{"start":{"line":31,"column":12},"end":{"line":31,"column":25}},"type":"binary-expr","locations":[{"start":{"line":31,"column":12},"end":{"line":31,"column":19}},{"start":{"line":31,"column":23},"end":{"line":31,"column":25}}],"line":31},"5":{"loc":{"start":{"line":39,"column":2},"end":{"line":88,"column":3}},"type":"if","locations":[{"start":{"line":39,"column":2},"end":{"line":88,"column":3}},{"start":{"line":39,"column":2},"end":{"line":88,"column":3}}],"line":39},"6":{"loc":{"start":{"line":52,"column":4},"end":{"line":84,"column":5}},"type":"if","locations":[{"start":{"line":52,"column":4},"end":{"line":84,"column":5}},{"start":{"line":52,"column":4},"end":{"line":84,"column":5}}],"line":52},"7":{"loc":{"start":{"line":55,"column":9},"end":{"line":84,"column":5}},"type":"if","locations":[{"start":{"line":55,"column":9},"end":{"line":84,"column":5}},{"start":{"line":55,"column":9},"end":{"line":84,"column":5}}],"line":55},"8":{"loc":{"start":{"line":55,"column":13},"end":{"line":55,"column":61}},"type":"binary-expr","locations":[{"start":{"line":55,"column":13},"end":{"line":55,"column":38}},{"start":{"line":55,"column":42},"end":{"line":55,"column":61}}],"line":55},"9":{"loc":{"start":{"line":56,"column":23},"end":{"line":61,"column":39}},"type":"cond-expr","locations":[{"start":{"line":57,"column":10},"end":{"line":57,"column":57}},{"start":{"line":58,"column":10},"end":{"line":61,"column":39}}],"line":56},"10":{"loc":{"start":{"line":64,"column":6},"end":{"line":78,"column":7}},"type":"if","locations":[{"start":{"line":64,"column":6},"end":{"line":78,"column":7}},{"start":{"line":64,"column":6},"end":{"line":78,"column":7}}],"line":64},"11":{"loc":{"start":{"line":67,"column":8},"end":{"line":73,"column":9}},"type":"if","locations":[{"start":{"line":67,"column":8},"end":{"line":73,"column":9}},{"start":{"line":67,"column":8},"end":{"line":73,"column":9}}],"line":67},"12":{"loc":{"start":{"line":79,"column":11},"end":{"line":84,"column":5}},"type":"if","locations":[{"start":{"line":79,"column":11},"end":{"line":84,"column":5}},{"start":{"line":79,"column":11},"end":{"line":84,"column":5}}],"line":79},"13":{"loc":{"start":{"line":95,"column":4},"end":{"line":97,"column":5}},"type":"if","locations":[{"start":{"line":95,"column":4},"end":{"line":97,"column":5}},{"start":{"line":95,"column":4},"end":{"line":97,"column":5}}],"line":95},"14":{"loc":{"start":{"line":95,"column":8},"end":{"line":95,"column":64}},"type":"binary-expr","locations":[{"start":{"line":95,"column":8},"end":{"line":95,"column":32}},{"start":{"line":95,"column":36},"end":{"line":95,"column":64}}],"line":95},"15":{"loc":{"start":{"line":102,"column":2},"end":{"line":106,"column":3}},"type":"if","locations":[{"start":{"line":102,"column":2},"end":{"line":106,"column":3}},{"start":{"line":102,"column":2},"end":{"line":106,"column":3}}],"line":102},"16":{"loc":{"start":{"line":102,"column":6},"end":{"line":102,"column":62}},"type":"binary-expr","locations":[{"start":{"line":102,"column":6},"end":{"line":102,"column":21}},{"start":{"line":102,"column":26},"end":{"line":102,"column":39}},{"start":{"line":102,"column":43},"end":{"line":102,"column":61}}],"line":102},"17":{"loc":{"start":{"line":110,"column":2},"end":{"line":116,"column":3}},"type":"if","locations":[{"start":{"line":110,"column":2},"end":{"line":116,"column":3}},{"start":{"line":110,"column":2},"end":{"line":116,"column":3}}],"line":110},"18":{"loc":{"start":{"line":110,"column":6},"end":{"line":110,"column":62}},"type":"binary-expr","locations":[{"start":{"line":110,"column":6},"end":{"line":110,"column":21}},{"start":{"line":110,"column":26},"end":{"line":110,"column":39}},{"start":{"line":110,"column":43},"end":{"line":110,"column":61}}],"line":110},"19":{"loc":{"start":{"line":112,"column":9},"end":{"line":116,"column":3}},"type":"if","locations":[{"start":{"line":112,"column":9},"end":{"line":116,"column":3}},{"start":{"line":112,"column":9},"end":{"line":116,"column":3}}],"line":112},"20":{"loc":{"start":{"line":112,"column":13},"end":{"line":112,"column":37}},"type":"binary-expr","locations":[{"start":{"line":112,"column":13},"end":{"line":112,"column":16}},{"start":{"line":112,"column":20},"end":{"line":112,"column":37}}],"line":112},"21":{"loc":{"start":{"line":120,"column":2},"end":{"line":133,"column":3}},"type":"if","locations":[{"start":{"line":120,"column":2},"end":{"line":133,"column":3}},{"start":{"line":120,"column":2},"end":{"line":133,"column":3}}],"line":120},"22":{"loc":{"start":{"line":120,"column":6},"end":{"line":120,"column":62}},"type":"binary-expr","locations":[{"start":{"line":120,"column":6},"end":{"line":120,"column":21}},{"start":{"line":120,"column":26},"end":{"line":120,"column":39}},{"start":{"line":120,"column":43},"end":{"line":120,"column":61}}],"line":120},"23":{"loc":{"start":{"line":123,"column":9},"end":{"line":133,"column":3}},"type":"if","locations":[{"start":{"line":123,"column":9},"end":{"line":133,"column":3}},{"start":{"line":123,"column":9},"end":{"line":133,"column":3}}],"line":123},"24":{"loc":{"start":{"line":123,"column":13},"end":{"line":123,"column":36}},"type":"binary-expr","locations":[{"start":{"line":123,"column":13},"end":{"line":123,"column":16}},{"start":{"line":123,"column":20},"end":{"line":123,"column":36}}],"line":123},"25":{"loc":{"start":{"line":124,"column":4},"end":{"line":128,"column":5}},"type":"if","locations":[{"start":{"line":124,"column":4},"end":{"line":128,"column":5}},{"start":{"line":124,"column":4},"end":{"line":128,"column":5}}],"line":124},"26":{"loc":{"start":{"line":142,"column":8},"end":{"line":142,"column":21}},"type":"binary-expr","locations":[{"start":{"line":142,"column":8},"end":{"line":142,"column":15}},{"start":{"line":142,"column":19},"end":{"line":142,"column":21}}],"line":142},"27":{"loc":{"start":{"line":151,"column":6},"end":{"line":162,"column":7}},"type":"if","locations":[{"start":{"line":151,"column":6},"end":{"line":162,"column":7}},{"start":{"line":151,"column":6},"end":{"line":162,"column":7}}],"line":151},"28":{"loc":{"start":{"line":154,"column":8},"end":{"line":159,"column":9}},"type":"if","locations":[{"start":{"line":154,"column":8},"end":{"line":159,"column":9}},{"start":{"line":154,"column":8},"end":{"line":159,"column":9}}],"line":154},"29":{"loc":{"start":{"line":156,"column":17},"end":{"line":156,"column":90}},"type":"binary-expr","locations":[{"start":{"line":156,"column":17},"end":{"line":156,"column":44}},{"start":{"line":156,"column":48},"end":{"line":156,"column":90}}],"line":156},"30":{"loc":{"start":{"line":181,"column":8},"end":{"line":181,"column":21}},"type":"binary-expr","locations":[{"start":{"line":181,"column":8},"end":{"line":181,"column":15}},{"start":{"line":181,"column":19},"end":{"line":181,"column":21}}],"line":181},"31":{"loc":{"start":{"line":188,"column":6},"end":{"line":198,"column":7}},"type":"if","locations":[{"start":{"line":188,"column":6},"end":{"line":198,"column":7}},{"start":{"line":188,"column":6},"end":{"line":198,"column":7}}],"line":188},"32":{"loc":{"start":{"line":191,"column":8},"end":{"line":195,"column":9}},"type":"if","locations":[{"start":{"line":191,"column":8},"end":{"line":195,"column":9}},{"start":{"line":191,"column":8},"end":{"line":195,"column":9}}],"line":191},"33":{"loc":{"start":{"line":191,"column":12},"end":{"line":191,"column":50}},"type":"binary-expr","locations":[{"start":{"line":191,"column":12},"end":{"line":191,"column":19}},{"start":{"line":191,"column":23},"end":{"line":191,"column":50}}],"line":191},"34":{"loc":{"start":{"line":213,"column":8},"end":{"line":213,"column":21}},"type":"binary-expr","locations":[{"start":{"line":213,"column":8},"end":{"line":213,"column":15}},{"start":{"line":213,"column":19},"end":{"line":213,"column":21}}],"line":213},"35":{"loc":{"start":{"line":221,"column":6},"end":{"line":253,"column":7}},"type":"if","locations":[{"start":{"line":221,"column":6},"end":{"line":253,"column":7}},{"start":{"line":221,"column":6},"end":{"line":253,"column":7}}],"line":221},"36":{"loc":{"start":{"line":224,"column":8},"end":{"line":250,"column":9}},"type":"if","locations":[{"start":{"line":224,"column":8},"end":{"line":250,"column":9}},{"start":{"line":224,"column":8},"end":{"line":250,"column":9}}],"line":224},"37":{"loc":{"start":{"line":226,"column":15},"end":{"line":250,"column":9}},"type":"if","locations":[{"start":{"line":226,"column":15},"end":{"line":250,"column":9}},{"start":{"line":226,"column":15},"end":{"line":250,"column":9}}],"line":226},"38":{"loc":{"start":{"line":229,"column":10},"end":{"line":247,"column":11}},"type":"if","locations":[{"start":{"line":229,"column":10},"end":{"line":247,"column":11}},{"start":{"line":229,"column":10},"end":{"line":247,"column":11}}],"line":229},"39":{"loc":{"start":{"line":229,"column":14},"end":{"line":229,"column":63}},"type":"binary-expr","locations":[{"start":{"line":229,"column":14},"end":{"line":229,"column":41}},{"start":{"line":229,"column":45},"end":{"line":229,"column":63}}],"line":229},"40":{"loc":{"start":{"line":231,"column":12},"end":{"line":237,"column":13}},"type":"if","locations":[{"start":{"line":231,"column":12},"end":{"line":237,"column":13}},{"start":{"line":231,"column":12},"end":{"line":237,"column":13}}],"line":231},"41":{"loc":{"start":{"line":231,"column":16},"end":{"line":231,"column":69}},"type":"binary-expr","locations":[{"start":{"line":231,"column":16},"end":{"line":231,"column":43}},{"start":{"line":231,"column":47},"end":{"line":231,"column":69}}],"line":231},"42":{"loc":{"start":{"line":240,"column":15},"end":{"line":247,"column":11}},"type":"if","locations":[{"start":{"line":240,"column":15},"end":{"line":247,"column":11}},{"start":{"line":240,"column":15},"end":{"line":247,"column":11}}],"line":240},"43":{"loc":{"start":{"line":240,"column":19},"end":{"line":240,"column":67}},"type":"binary-expr","locations":[{"start":{"line":240,"column":19},"end":{"line":240,"column":46}},{"start":{"line":240,"column":50},"end":{"line":240,"column":67}}],"line":240}},"s":{"0":247,"1":54,"2":54,"3":53,"4":53,"5":9,"6":44,"7":1,"8":71,"9":71,"10":71,"11":12,"12":71,"13":236,"14":236,"15":236,"16":236,"17":236,"18":235,"19":235,"20":235,"21":235,"22":235,"23":2,"24":233,"25":68,"26":118,"27":68,"28":66,"29":66,"30":66,"31":65,"32":1,"33":2,"34":165,"35":165,"36":1,"37":1,"38":236,"39":66,"40":89,"41":65,"42":179,"43":179,"44":0,"45":206,"46":205,"47":1,"48":1,"49":0,"50":19,"51":18,"52":18,"53":1,"54":1,"55":1,"56":0,"57":1,"58":0,"59":0,"60":7,"61":18,"62":7,"63":18,"64":59,"65":41,"66":41,"67":41,"68":0,"69":18,"70":18,"71":7,"72":71,"73":71,"74":7,"75":71,"76":173,"77":103,"78":103,"79":102,"80":1,"81":70,"82":71,"83":71,"84":7,"85":18,"86":7,"87":18,"88":18,"89":52,"90":52,"91":52,"92":0,"93":52,"94":34,"95":34,"96":34,"97":6,"98":6,"99":0,"100":28,"101":28,"102":0,"103":18,"104":0,"105":18,"106":7,"107":7,"108":7},"f":{"0":247,"1":54,"2":71,"3":236,"4":118,"5":66,"6":179,"7":206,"8":19,"9":7,"10":18,"11":18,"12":59,"13":7,"14":71,"15":71,"16":71,"17":173,"18":7,"19":18,"20":18,"21":52},"b":{"0":[53,1],"1":[9,44],"2":[71,63],"3":[236,6],"4":[236,112],"5":[235,1],"6":[2,233],"7":[68,165],"8":[233,225],"9":[8,60],"10":[66,2],"11":[65,1],"12":[165,0],"13":[65,24],"14":[89,89],"15":[179,0],"16":[179,179,27],"17":[205,1],"18":[206,205,33],"19":[1,0],"20":[1,1],"21":[18,1],"22":[19,18,0],"23":[1,0],"24":[1,1],"25":[1,0],"26":[7,7],"27":[41,18],"28":[41,0],"29":[41,41],"30":[7,7],"31":[103,70],"32":[102,1],"33":[103,103],"34":[7,7],"35":[52,0],"36":[0,52],"37":[34,18],"38":[6,28],"39":[34,8],"40":[6,0],"41":[6,6],"42":[28,0],"43":[28,28]},"_coverageSchema":"1a1c01bbd47fc00a2c39e90264f33305004495a9","hash":"3a506868bd0e6747b79b9a2688a81e4d675d9596"}
}
