TN:
SF:src\consts.js
FNF:0
FNH:0
DA:1,7
DA:2,7
DA:3,7
DA:4,7
DA:5,7
DA:6,7
LF:6
LH:6
BRF:0
BRH:0
end_of_record
TN:
SF:src\index.js
FN:4,resolveVariable
FN:5,(anonymous_1)
FN:21,resolveStep
FN:53,(anonymous_3)
FN:85,getIndexByChildKeyValue
FN:93,hasProp
FN:101,getProp
FN:111,setProp
FN:128,makeHas
FN:136,(anonymous_9)
FN:140,_has
FN:165,makeGet
FN:173,(anonymous_12)
FN:176,_get
FN:194,makeSet
FN:203,(anonymous_15)
FN:206,(anonymous_16)
FNF:17
FNH:17
FNDA:214,resolveVariable
FNDA:42,(anonymous_1)
FNDA:215,resolveStep
FNDA:118,(anonymous_3)
FNDA:66,getIndexByChildKeyValue
FNDA:160,hasProp
FNDA:186,getProp
FNDA:18,setProp
FNDA:7,makeHas
FNDA:17,(anonymous_9)
FNDA:56,_has
FNDA:7,makeGet
FNDA:58,(anonymous_12)
FNDA:144,_get
FNDA:7,makeSet
FNDA:17,(anonymous_15)
FNDA:50,(anonymous_16)
DA:5,214
DA:7,42
DA:8,42
DA:9,41
DA:10,41
DA:11,7
DA:13,34
DA:16,1
DA:22,215
DA:23,215
DA:24,215
DA:25,215
DA:31,215
DA:32,214
DA:35,214
DA:38,214
DA:41,214
DA:44,214
DA:45,2
DA:47,212
DA:48,68
DA:53,118
DA:56,68
DA:57,66
DA:58,66
DA:59,66
DA:60,65
DA:62,1
DA:67,2
DA:71,144
DA:72,144
DA:78,1
DA:79,1
DA:82,215
DA:86,66
DA:87,89
DA:88,65
DA:94,160
DA:95,160
DA:97,0
DA:102,186
DA:103,185
DA:104,1
DA:105,1
DA:107,0
DA:112,18
DA:113,17
DA:114,17
DA:115,1
DA:116,1
DA:117,1
DA:119,0
DA:121,1
DA:123,0
DA:124,0
DA:129,7
DA:136,7
DA:137,17
DA:142,56
DA:143,39
DA:145,39
DA:147,39
DA:149,0
DA:152,17
DA:156,17
DA:166,7
DA:173,7
DA:174,58
DA:177,144
DA:178,87
DA:180,87
DA:181,86
DA:183,1
DA:186,57
DA:190,58
DA:195,7
DA:203,7
DA:204,17
DA:206,17
DA:208,50
DA:209,50
DA:211,50
DA:212,0
DA:213,50
DA:214,33
DA:215,33
DA:216,33
DA:218,6
DA:219,6
DA:223,0
DA:227,27
DA:229,27
DA:233,0
DA:236,17
DA:239,0
DA:243,17
DA:247,7
DA:248,7
DA:249,7
LF:99
LH:89
BRDA:8,0,0,41
BRDA:8,0,1,1
BRDA:10,1,0,7
BRDA:10,1,1,34
BRDA:22,2,0,215
BRDA:22,2,1,6
BRDA:23,3,0,215
BRDA:23,3,1,105
BRDA:31,4,0,214
BRDA:31,4,1,1
BRDA:44,5,0,2
BRDA:44,5,1,212
BRDA:47,6,0,68
BRDA:47,6,1,144
BRDA:47,7,0,212
BRDA:47,7,1,204
BRDA:48,8,0,8
BRDA:48,8,1,60
BRDA:56,9,0,66
BRDA:56,9,1,2
BRDA:59,10,0,65
BRDA:59,10,1,1
BRDA:71,11,0,144
BRDA:71,11,1,0
BRDA:87,12,0,65
BRDA:87,12,1,24
BRDA:87,13,0,89
BRDA:87,13,1,89
BRDA:94,14,0,160
BRDA:94,14,1,0
BRDA:94,15,0,160
BRDA:94,15,1,160
BRDA:94,15,2,25
BRDA:102,16,0,185
BRDA:102,16,1,1
BRDA:102,17,0,186
BRDA:102,17,1,185
BRDA:102,17,2,31
BRDA:104,18,0,1
BRDA:104,18,1,0
BRDA:104,19,0,1
BRDA:104,19,1,1
BRDA:112,20,0,17
BRDA:112,20,1,1
BRDA:112,21,0,18
BRDA:112,21,1,17
BRDA:112,21,2,0
BRDA:115,22,0,1
BRDA:115,22,1,0
BRDA:115,23,0,1
BRDA:115,23,1,1
BRDA:116,24,0,1
BRDA:116,24,1,0
BRDA:133,25,0,7
BRDA:133,25,1,7
BRDA:142,26,0,39
BRDA:142,26,1,17
BRDA:145,27,0,39
BRDA:145,27,1,0
BRDA:147,28,0,39
BRDA:147,28,1,39
BRDA:170,29,0,7
BRDA:170,29,1,7
BRDA:177,30,0,87
BRDA:177,30,1,57
BRDA:180,31,0,86
BRDA:180,31,1,1
BRDA:180,32,0,87
BRDA:180,32,1,87
BRDA:200,33,0,7
BRDA:200,33,1,7
BRDA:208,34,0,50
BRDA:208,34,1,0
BRDA:211,35,0,0
BRDA:211,35,1,50
BRDA:213,36,0,33
BRDA:213,36,1,17
BRDA:216,37,0,6
BRDA:216,37,1,27
BRDA:216,38,0,33
BRDA:216,38,1,8
BRDA:218,39,0,6
BRDA:218,39,1,0
BRDA:218,40,0,6
BRDA:218,40,1,6
BRDA:227,41,0,27
BRDA:227,41,1,0
BRDA:227,42,0,27
BRDA:227,42,1,27
BRF:89
BRH:78
end_of_record
TN:
SF:src\utils.js
FN:3,isValidKey
FN:7,isObject
FN:10,_isObject
FN:26,stringifyArray
FN:30,isStringifiedArray
FN:35,escape
FN:39,unescape
FN:43,splitPath
FNF:8
FNH:8
FNDA:508,isValidKey
FNDA:487,isObject
FNDA:912,_isObject
FNDA:8,stringifyArray
FNDA:280,isStringifiedArray
FNDA:36,escape
FNDA:214,unescape
FNDA:92,splitPath
DA:4,508
DA:11,912
DA:14,487
DA:16,425
DA:17,425
DA:19,425
DA:20,425
DA:23,425
DA:27,8
DA:31,280
DA:32,280
DA:36,36
DA:40,214
DA:44,92
LF:14
LH:14
BRDA:14,0,0,62
BRDA:14,0,1,425
BRDA:17,1,0,0
BRDA:17,1,1,425
BRDA:20,2,0,0
BRDA:20,2,1,425
BRDA:32,3,0,280
BRDA:32,3,1,16
BRF:8
BRH:6
end_of_record
