TN:
SF:src\index.js
FN:4,resolveVariable
FN:5,(anonymous_1)
FN:20,resolveContext
FN:29,resolveStep
FN:61,(anonymous_4)
FN:93,getIndexByChildKeyValue
FN:101,hasProp
FN:109,getProp
FN:119,setProp
FN:136,removeProp
FN:150,makeHas
FN:155,(anonymous_11)
FN:159,(anonymous_12)
FN:163,_has
FN:188,makeGet
FN:193,(anonymous_15)
FN:194,(anonymous_16)
FN:198,(anonymous_17)
FN:201,_get
FN:220,makeSet
FN:226,(anonymous_20)
FN:230,(anonymous_21)
FN:233,(anonymous_22)
FN:274,makeRemove
FN:280,(anonymous_24)
FN:284,(anonymous_25)
FNF:26
FNH:26
FNDA:333,resolveVariable
FNDA:75,(anonymous_1)
FNDA:108,resolveContext
FNDA:313,resolveStep
FNDA:152,(anonymous_4)
FNDA:85,getIndexByChildKeyValue
FNDA:256,hasProp
FNDA:265,getProp
FNDA:19,setProp
FNDA:18,removeProp
FNDA:8,makeHas
FNDA:18,(anonymous_11)
FNDA:18,(anonymous_12)
FNDA:59,_has
FNDA:26,makeGet
FNDA:108,(anonymous_15)
FNDA:108,(anonymous_16)
FNDA:108,(anonymous_17)
FNDA:269,_get
FNDA:8,makeSet
FNDA:18,(anonymous_20)
FNDA:18,(anonymous_21)
FNDA:52,(anonymous_22)
FNDA:8,makeRemove
FNDA:18,(anonymous_24)
FNDA:18,(anonymous_25)
DA:5,333
DA:6,75
DA:7,75
DA:8,74
DA:9,74
DA:10,13
DA:12,61
DA:15,1
DA:21,108
DA:22,108
DA:23,108
DA:24,21
DA:26,108
DA:30,313
DA:31,313
DA:32,313
DA:33,313
DA:39,313
DA:40,312
DA:43,312
DA:46,312
DA:49,312
DA:52,312
DA:53,2
DA:55,310
DA:56,87
DA:61,152
DA:64,87
DA:65,85
DA:66,85
DA:67,85
DA:68,84
DA:70,1
DA:75,2
DA:79,223
DA:80,223
DA:86,1
DA:87,1
DA:90,313
DA:94,85
DA:95,114
DA:96,84
DA:102,256
DA:103,256
DA:105,0
DA:110,265
DA:111,264
DA:112,1
DA:113,1
DA:115,0
DA:120,19
DA:121,18
DA:122,18
DA:123,1
DA:124,1
DA:125,1
DA:127,0
DA:129,1
DA:131,0
DA:132,0
DA:137,18
DA:138,0
DA:139,0
DA:140,18
DA:141,18
DA:142,18
DA:146,0
DA:151,8
DA:155,18
DA:159,8
DA:160,18
DA:165,59
DA:166,41
DA:168,41
DA:170,41
DA:172,0
DA:175,18
DA:179,18
DA:189,26
DA:193,108
DA:194,108
DA:198,26
DA:199,108
DA:202,269
DA:203,162
DA:205,162
DA:206,161
DA:208,1
DA:211,107
DA:215,108
DA:216,108
DA:221,8
DA:226,18
DA:230,8
DA:231,18
DA:233,18
DA:235,52
DA:236,52
DA:238,52
DA:239,0
DA:240,52
DA:241,34
DA:242,34
DA:243,34
DA:245,6
DA:246,6
DA:250,0
DA:254,28
DA:256,28
DA:260,0
DA:263,18
DA:266,0
DA:270,18
DA:275,8
DA:280,18
DA:284,8
DA:285,18
DA:287,18
DA:289,18
DA:290,18
DA:291,18
DA:293,18
DA:294,18
DA:295,18
DA:297,0
DA:302,8
DA:303,8
DA:304,8
DA:305,8
LF:129
LH:115
BRDA:7,0,0,74
BRDA:7,0,1,1
BRDA:9,1,0,13
BRDA:9,1,1,61
BRDA:23,2,0,108
BRDA:23,2,1,95
BRDA:30,3,0,313
BRDA:30,3,1,6
BRDA:31,4,0,313
BRDA:31,4,1,144
BRDA:39,5,0,312
BRDA:39,5,1,1
BRDA:52,6,0,2
BRDA:52,6,1,310
BRDA:55,7,0,87
BRDA:55,7,1,223
BRDA:55,8,0,310
BRDA:55,8,1,300
BRDA:56,9,0,10
BRDA:56,9,1,77
BRDA:64,10,0,85
BRDA:64,10,1,2
BRDA:67,11,0,84
BRDA:67,11,1,1
BRDA:79,12,0,223
BRDA:79,12,1,0
BRDA:95,13,0,84
BRDA:95,13,1,30
BRDA:95,14,0,114
BRDA:95,14,1,114
BRDA:102,15,0,256
BRDA:102,15,1,0
BRDA:102,16,0,256
BRDA:102,16,1,256
BRDA:102,16,2,37
BRDA:110,17,0,264
BRDA:110,17,1,1
BRDA:110,18,0,265
BRDA:110,18,1,264
BRDA:110,18,2,43
BRDA:112,19,0,1
BRDA:112,19,1,0
BRDA:112,20,0,1
BRDA:112,20,1,1
BRDA:120,21,0,18
BRDA:120,21,1,1
BRDA:120,22,0,19
BRDA:120,22,1,18
BRDA:120,22,2,0
BRDA:123,23,0,1
BRDA:123,23,1,0
BRDA:123,24,0,1
BRDA:123,24,1,1
BRDA:124,25,0,1
BRDA:124,25,1,0
BRDA:137,26,0,0
BRDA:137,26,1,18
BRDA:140,27,0,18
BRDA:140,27,1,0
BRDA:156,28,0,8
BRDA:156,28,1,8
BRDA:165,29,0,41
BRDA:165,29,1,18
BRDA:168,30,0,41
BRDA:168,30,1,0
BRDA:170,31,0,41
BRDA:170,31,1,41
BRDA:195,32,0,26
BRDA:195,32,1,8
BRDA:202,33,0,162
BRDA:202,33,1,107
BRDA:205,34,0,161
BRDA:205,34,1,1
BRDA:205,35,0,162
BRDA:205,35,1,162
BRDA:227,36,0,8
BRDA:227,36,1,8
BRDA:235,37,0,52
BRDA:235,37,1,0
BRDA:238,38,0,0
BRDA:238,38,1,52
BRDA:240,39,0,34
BRDA:240,39,1,18
BRDA:243,40,0,6
BRDA:243,40,1,28
BRDA:243,41,0,34
BRDA:243,41,1,8
BRDA:245,42,0,6
BRDA:245,42,1,0
BRDA:245,43,0,6
BRDA:245,43,1,6
BRDA:254,44,0,28
BRDA:254,44,1,0
BRDA:254,45,0,28
BRDA:254,45,1,28
BRDA:281,46,0,8
BRDA:281,46,1,8
BRDA:287,47,0,18
BRDA:287,47,1,18
BRDA:291,48,0,16
BRDA:291,48,1,2
BRDA:294,49,0,18
BRDA:294,49,1,0
BRDA:294,50,0,18
BRDA:294,50,1,18
BRF:105
BRH:91
end_of_record
